including vendor/lineage/vendorsetup.sh
Trying dependencies-only mode on a non-existing device tree?

============================================
PLATFORM_VERSION_CODENAME=REL
PLATFORM_VERSION=9
CR_VERSION=2.0
TARGET_PRODUCT=lineage_blueline
TARGET_BUILD_VARIANT=userdebug
TARGET_BUILD_TYPE=release
TARGET_ARCH=arm64
TARGET_ARCH_VARIANT=armv8-2a
TARGET_CPU_VARIANT=cortex-a75
TARGET_2ND_ARCH=arm
TARGET_2ND_ARCH_VARIANT=armv8-a
TARGET_2ND_CPU_VARIANT=cortex-a75
HOST_ARCH=x86_64
HOST_2ND_ARCH=x86
HOST_OS=linux
HOST_OS_EXTRA=Linux-4.15.0-65-generic-x86_64-Ubuntu-18.04.3-LTS
HOST_CROSS_OS=windows
HOST_CROSS_ARCH=x86
HOST_CROSS_2ND_ARCH=x86_64
HOST_BUILD_TYPE=release
BUILD_ID=PQ3A.190801.002
OUT_DIR=/root/floko/out
PRODUCT_SOONG_NAMESPACES=device/google/crosshatch hardware/google/av hardware/google/interfaces hardware/qcom/sdm845 vendor/qcom/sdm845 hardware/ril
============================================
============================================
PLATFORM_VERSION_CODENAME=REL
PLATFORM_VERSION=9
CR_VERSION=2.0
TARGET_PRODUCT=lineage_blueline
TARGET_BUILD_VARIANT=userdebug
TARGET_BUILD_TYPE=release
TARGET_ARCH=arm64
TARGET_ARCH_VARIANT=armv8-2a
TARGET_CPU_VARIANT=cortex-a75
TARGET_2ND_ARCH=arm
TARGET_2ND_ARCH_VARIANT=armv8-a
TARGET_2ND_CPU_VARIANT=cortex-a75
HOST_ARCH=x86_64
HOST_2ND_ARCH=x86
HOST_OS=linux
HOST_OS_EXTRA=Linux-4.15.0-65-generic-x86_64-Ubuntu-18.04.3-LTS
HOST_CROSS_OS=windows
HOST_CROSS_ARCH=x86
HOST_CROSS_2ND_ARCH=x86_64
HOST_BUILD_TYPE=release
BUILD_ID=PQ3A.190801.002
OUT_DIR=/root/floko/out
PRODUCT_SOONG_NAMESPACES=device/google/crosshatch hardware/google/av hardware/google/interfaces hardware/qcom/sdm845 vendor/qcom/sdm845 hardware/ril
============================================
[1/1] /root/floko/out/soong/.minibootstrap/minibp /root/floko/out/soong/.bootstrap/build.ninja
[1/1] /root/floko/out/soong/.bootstrap/bin/soong_build /root/floko/out/soong/build.ninja
device/google/crosshatch/utils.mk was modified, regenerating...
device/google/crosshatch/device-lineage.mk was modified, regenerating...
[1/1045] including /root/floko/out/soong/Android-lineage_blueline.mk ...
[2/1045] including art/Android.mk ...
Disabling ART_BUILD_TARGET_DEBUG
Disabling ART_BUILD_HOST_DEBUG
[3/1045] including bionic/Android.mk ...
[4/1045] including bootable/recovery/Android.mk ...
[5/1045] including build/make/Android.mk ...
[6/1045] including cts/Android.mk ...
[7/1045] including dalvik/Android.mk ...
[8/1045] including development/apps/BluetoothDebug/Android.mk ...
[9/1045] including development/apps/BuildWidget/Android.mk ...
[10/1045] including development/apps/CustomLocale/Android.mk ...
[11/1045] including development/apps/Development/Android.mk ...
[12/1045] including development/apps/DevelopmentSettings/Android.mk ...
[13/1045] including development/apps/Fallback/Android.mk ...
[14/1045] including development/apps/GestureBuilder/Android.mk ...
[15/1045] including development/apps/NinePatchLab/Android.mk ...
[16/1045] including development/apps/OBJViewer/Android.mk ...
[17/1045] including development/apps/PushApiAuthenticator/Android.mk ...
[18/1045] including development/apps/PushApiTestAppOne/Android.mk ...
[19/1045] including development/apps/PushApiTestAppTwo/Android.mk ...
[20/1045] including development/apps/SdkSetup/Android.mk ...
[21/1045] including development/apps/SettingInjectorSample/Android.mk ...
[22/1045] including development/apps/WidgetPreview/Android.mk ...
[23/1045] including development/apps/launchperf/Android.mk ...
[24/1045] including development/build/Android.mk ...
[25/1045] including development/cmds/monkey/Android.mk ...
[26/1045] including development/samples/AccelerometerPlay/Android.mk ...
[27/1045] including development/samples/AdaptiveIconSample/Android.mk ...
[28/1045] including development/samples/AliasActivity/Android.mk ...
[29/1045] including development/samples/AndroidBeamDemo/Android.mk ...
[30/1045] including development/samples/ApiDemos/Android.mk ...
[31/1045] including development/samples/AppNavigation/Android.mk ...
[32/1045] including development/samples/BackupRestore/Android.mk ...
[33/1045] including development/samples/BasicGLSurfaceView/Android.mk ...
[34/1045] including development/samples/BluetoothChat/Android.mk ...
[35/1045] including development/samples/BluetoothHDP/Android.mk ...
[36/1045] including development/samples/BrokenKeyDerivation/Android.mk ...
[37/1045] including development/samples/BusinessCard/Android.mk ...
[38/1045] including development/samples/Compass/Android.mk ...
[39/1045] including development/samples/ContactManager/Android.mk ...
[40/1045] including development/samples/CubeLiveWallpaper/Android.mk ...
[41/1045] including development/samples/DataWiper/Android.mk ...
[42/1045] including development/samples/DeviceAdminWhitelistedAccount/Android.mk ...
[43/1045] including development/samples/FixedGridLayout/Android.mk ...
[44/1045] including development/samples/HeavyWeight/Android.mk ...
[45/1045] including development/samples/HelloActivity/Android.mk ...
[46/1045] including development/samples/HelloEffects/Android.mk ...
[47/1045] including development/samples/Home/Android.mk ...
[48/1045] including development/samples/HoneycombGallery/Android.mk ...
[49/1045] including development/samples/IntentPlayground/Android.mk ...
[50/1045] including development/samples/JetBoy/Android.mk ...
[51/1045] including development/samples/KeyChainDemo/Android.mk ...
[52/1045] including development/samples/LceDemo/Android.mk ...
[53/1045] including development/samples/LunarLander/Android.mk ...
[54/1045] including development/samples/MultiResolution/Android.mk ...
[55/1045] including development/samples/MultiWindow/Android.mk ...
[56/1045] including development/samples/MySampleRss/Android.mk ...
[57/1045] including development/samples/NotePad/Android.mk ...
[58/1045] including development/samples/Obb/Android.mk ...
[59/1045] including development/samples/RSSReader/Android.mk ...
[60/1045] including development/samples/RandomMusicPlayer/Android.mk ...
[61/1045] including development/samples/ReceiveShareDemo/Android.mk ...
[62/1045] including development/samples/RenderScript/Android.mk ...
[63/1045] including development/samples/SampleSyncAdapter/Android.mk ...
[64/1045] including development/samples/SearchableDictionary/Android.mk ...
[65/1045] including development/samples/ShortcutDemo/Android.mk ...
[66/1045] including development/samples/ShortcutSample/Android.mk ...
[67/1045] including development/samples/SimpleJNI/Android.mk ...
[68/1045] including development/samples/SipDemo/Android.mk ...
[69/1045] including development/samples/SkeletonApp/Android.mk ...
[70/1045] including development/samples/Snake/Android.mk ...
[71/1045] including development/samples/SoftKeyboard/Android.mk ...
[72/1045] including development/samples/SpellChecker/Android.mk ...
[73/1045] including development/samples/StackWidget/Android.mk ...
[74/1045] including development/samples/ThemedNavBarKeyboard/Android.mk ...
[75/1045] including development/samples/ToyVpn/Android.mk ...
[76/1045] including development/samples/TtsEngine/Android.mk ...
[77/1045] including development/samples/USB/Android.mk ...
[78/1045] including development/samples/UiAutomator/Android.mk ...
[79/1045] including development/samples/Vault/Android.mk ...
[80/1045] including development/samples/VoiceRecognitionService/Android.mk ...
[81/1045] including development/samples/VoicemailProviderDemo/Android.mk ...
[82/1045] including development/samples/WeatherListWidget/Android.mk ...
[83/1045] including development/samples/WiFiDirectDemo/Android.mk ...
[84/1045] including development/samples/WiFiDirectServiceDiscovery/Android.mk ...
[85/1045] including development/samples/Wiktionary/Android.mk ...
[86/1045] including development/samples/WiktionarySimple/Android.mk ...
[87/1045] including development/samples/XmlAdapters/Android.mk ...
[88/1045] including development/samples/apkcachetest/Android.mk ...
[89/1045] including development/samples/training/NsdChat/Android.mk ...
[90/1045] including development/testrunner/Android.mk ...
[91/1045] including device/generic/goldfish-opengl/Android.mk ...
[92/1045] including device/generic/goldfish/Android.mk ...
[93/1045] including device/google/atv/LeanbackSampleApp/Android.mk ...
[94/1045] including device/google/atv/TvProvision/Android.mk ...
[95/1045] including device/google/atv/TvSampleLeanbackLauncher/Android.mk ...
[96/1045] including device/google/atv/sdk/Android.mk ...
[97/1045] including device/google/contexthub/contexthubhal/test/Android.mk ...
[98/1045] including device/google/contexthub/firmware/Android.mk ...
[99/1045] including device/google/contexthub/lefty/Android.mk ...
[100/1045] including device/google/contexthub/lib/Android.mk ...
[101/1045] including device/google/contexthub/sensorhal/Android.mk ...
[102/1045] including device/google/contexthub/util/nanoapp_cmd/Android.mk ...
[103/1045] including device/google/contexthub/util/nanoapp_encr/Android.mk ...
[104/1045] including device/google/contexthub/util/nanoapp_postprocess/Android.mk ...
[105/1045] including device/google/contexthub/util/nanoapp_sign/Android.mk ...
[106/1045] including device/google/contexthub/util/nanotool/Android.mk ...
[107/1045] including device/google/contexthub/util/sensortest/Android.mk ...
[108/1045] including device/google/contexthub/util/stm32_flash/Android.mk ...
[109/1045] including device/google/crosshatch/Android.mk ...
including device/google/crosshatch/crosshatch/overlay/packages/apps/overlays/NoCutoutOverlay/Android.mk ...
including device/google/crosshatch/dumpstate/Android.mk ...
including device/google/crosshatch/gpt-utils/Android.mk ...
including device/google/crosshatch/sdm845/thermal-engine/Android.mk ...
including device/google/crosshatch/self-extractors/Android.mk ...
including device/google/crosshatch/self-extractors_blueline/Android.mk ...
including device/google/crosshatch/voice_processing/Android.mk ...
[110/1045] including device/lineage/atv/Android.mk ...
[111/1045] including device/qcom/sepolicy-legacy/Android.mk ...
[112/1045] including device/qcom/sepolicy/Android.mk ...
[113/1045] including device/sample/Android.mk ...
[114/1045] including external/ImageMagick/Android.mk ...
[115/1045] including external/adhd/cras/src/Android.mk ...
[116/1045] including external/android-clat/Android.mk ...
[117/1045] including external/androidplot/Android.mk ...
[118/1045] including external/ant-glob/Android.mk ...
[119/1045] including external/ant-wireless/ant_native/Android.mk ...
[120/1045] including external/ant-wireless/ant_service/Android.mk ...
[121/1045] including external/ant-wireless/antradio-library/Android.mk ...
[122/1045] including external/apache-commons-math/Android.mk ...
[123/1045] including external/apache-harmony/Android.mk ...
[124/1045] including external/apache-http/Android.mk ...
[125/1045] including external/apache-xml/Android.mk ...
[126/1045] including external/archive-patcher/Android.mk ...
[127/1045] including external/arm-neon-tests/Android.mk ...
[128/1045] including external/bash/Android.mk ...
[129/1045] including external/blktrace/Android.mk ...
[130/1045] including external/brotli/Android.mk ...
[131/1045] including external/caliper/Android.mk ...
[132/1045] including external/chromium-libpac/Android.mk ...
[133/1045] including external/chromium-trace/Android.mk ...
[134/1045] including external/chromium-webview/Android.mk ...
[135/1045] including external/clang/Android.mk ...
[136/1045] including external/connectivity/cnefeatureconfig/Android.mk ...
[137/1045] including external/conscrypt/Android.mk ...
[138/1045] including external/crcalc/Android.mk ...
[139/1045] including external/dagger2/Android.mk ...
[140/1045] including external/deqp/Android.mk ...
[141/1045] including external/dexmaker/Android.mk ...
[142/1045] including external/dhcpcd-6.8.2/Android.mk ...
[143/1045] including external/dnsmasq/Android.mk ...
[144/1045] including external/drm_gralloc/Android.mk ...
[145/1045] including external/drm_hwcomposer/Android.mk ...
[146/1045] including external/drrickorang/LoopbackApp/Android.mk ...
[147/1045] including external/dtc/Android.mk ...
[148/1045] including external/e2fsprogs/Android.mk ...
[149/1045] including external/easymock/Android.mk ...
[150/1045] including external/emma/Android.mk ...
[151/1045] including external/eyes-free/Android.mk ...
[152/1045] including external/f2fs-tools/Android.mk ...
[153/1045] including external/flatbuffers/Android.mk ...
[154/1045] including external/fsck_msdos/Android.mk ...
[155/1045] including external/glide/Android.mk ...
[156/1045] including external/google-breakpad/Android.mk ...
[157/1045] including external/google-fonts/carrois-gothic-sc/Android.mk ...
[158/1045] including external/google-fonts/coming-soon/Android.mk ...
[159/1045] including external/google-fonts/cutive-mono/Android.mk ...
[160/1045] including external/google-fonts/dancing-script/Android.mk ...
[161/1045] including external/google-tv-pairing-protocol/Android.mk ...
[162/1045] including external/googletest/Android.mk ...
[163/1045] including external/gptfdisk/Android.mk ...
[164/1045] including external/htop/Android.mk ...
[165/1045] including external/hyphenation-patterns/Android.mk ...
[166/1045] including external/icu/Android.mk ...
[167/1045] including external/ims/rcs/Android.mk ...
[168/1045] including external/iproute2/Android.mk ...
[169/1045] including external/ipsec-tools/Android.mk ...
[170/1045] including external/iptables/Android.mk ...
[171/1045] including external/iputils/Android.mk ...
[172/1045] including external/iw/Android.mk ...
[173/1045] including external/jacoco/Android.mk ...
[174/1045] including external/javasqlite/Android.mk ...
[175/1045] including external/javassist/Android.mk ...
[176/1045] including external/jdiff/Android.mk ...
[177/1045] including external/jline/Android.mk ...
[178/1045] including external/jmdns/Android.mk ...
[179/1045] including external/json-c/Android.mk ...
[180/1045] including external/junit-params/Android.mk ...
[181/1045] including external/ksoap2/Android.mk ...
[182/1045] including external/libbackup/Android.mk ...
[183/1045] including external/libbrillo/Android.mk ...
[184/1045] including external/libcxx/Android.mk ...
[185/1045] including external/libdaemon/Android.mk ...
[186/1045] including external/libedit/Android.mk ...
[187/1045] including external/libhevc/test/Android.mk ...
[188/1045] including external/libmicrohttpd/Android.mk ...
[189/1045] including external/libncurses/Android.mk ...
[190/1045] including external/libnfc-nxp/Android.mk ...
[191/1045] including external/libphonenumber/Android.mk ...
[192/1045] including external/libtar/Android.mk ...
[193/1045] including external/libtextclassifier/Android.mk ...
[194/1045] including external/libusb/Android.mk ...
[195/1045] including external/libvncserver/Android.mk ...
[196/1045] including external/libvpx/Android.mk ...
[197/1045] including external/libxcam/Android.mk ...
[198/1045] including external/linux-kselftest/Android.mk ...
[199/1045] including external/ltp/Android.mk ...
[200/1045] including external/lzma/Android.mk ...
[201/1045] including external/markdown/Android.mk ...
[202/1045] including external/mesa3d/Android.mk ...
[203/1045] including external/mksh/Android.mk ...
[204/1045] including external/mmc-utils/Android.mk ...
[205/1045] including external/mockftpserver/Android.mk ...
[206/1045] including external/mockwebserver/Android.mk ...
[207/1045] including external/mp4parser/Android.mk ...
[208/1045] including external/nano/Android.mk ...
[209/1045] including external/nanohttpd/Android.mk ...
[210/1045] including external/netcat/Android.mk ...
[211/1045] including external/neven/Android.mk ...
[212/1045] including external/nfacct/Android.mk ...
[213/1045] including external/nist-pkits/Android.mk ...
[214/1045] including external/nos/host/android/hals/keymaster/citadel/Android.mk ...
[215/1045] including external/noto-fonts/Android.mk ...
[216/1045] including external/oauth/core/src/main/java/Android.mk ...
[217/1045] including external/objenesis/Android.mk ...
[218/1045] including external/openssh/Android.mk ...
[219/1045] including external/owasp/sanitizer/Android.mk ...
[220/1045] including external/p7zip/Android.mk ...
[221/1045] including external/parameter-framework/Android.mk ...
[222/1045] including external/perfetto/test/cts/producer/Android.mk ...
[223/1045] including external/pigz/Android.mk ...
[224/1045] including external/ppp/pppd/Android.mk ...
[225/1045] including external/proguard/Android.mk ...
[226/1045] including external/protobuf/Android.mk ...
[227/1045] including external/rappor/Android.mk ...
[228/1045] including external/replicaisland/Android.mk ...
[229/1045] including external/rmi4utils/Android.mk ...
[230/1045] including external/robolectric-shadows/Android.mk ...
[231/1045] including external/robolectric/Android.mk ...
[232/1045] including external/roboto-fonts/Android.mk ...
[233/1045] including external/rootdev/Android.mk ...
[234/1045] including external/rsync/Android.mk ...
[235/1045] including external/safe-iop/Android.mk ...
[236/1045] including external/seccomp-tests/Android.mk ...
[237/1045] including external/shflags/Android.mk ...
[238/1045] including external/skqp/platform_tools/android/apps/skqp/src/main/Android.mk ...
[239/1045] including external/sl4a/Android.mk ...
[240/1045] including external/slf4j/Android.mk ...
[241/1045] including external/stressapptest/Android.mk ...
[242/1045] including external/swiftshader/Android.mk ...
[243/1045] including external/tcpdump/Android.mk ...
[244/1045] including external/tinyxml/Android.mk ...
[245/1045] including external/toybox/Android.mk ...
[246/1045] including external/universal-tween-engine/Android.mk ...
[247/1045] including external/unrar/Android.mk ...
[248/1045] including external/v4l2_codec2/Android.mk ...
[249/1045] including external/v8/Android.mk ...
[250/1045] including external/valgrind/Android.mk ...
[251/1045] including external/vboot_reference/Android.mk ...
[252/1045] including external/vim/Android.mk ...
[253/1045] including external/vixl/Android.mk ...
[254/1045] including external/vogar/Android.mk ...
[255/1045] including external/volley/Android.mk ...
[256/1045] including external/vulkan-validation-layers/Android.mk ...
[257/1045] including external/walt/android/WALT/app/src/main/jni/Android.mk ...
[258/1045] including external/webrtc/Android.mk ...
[259/1045] including external/wpa_supplicant_8/Android.mk ...
[260/1045] including external/wycheproof/Android.mk ...
[261/1045] including external/xmlrpcpp/Android.mk ...
[262/1045] including external/xmp_toolkit/Android.mk ...
[263/1045] including external/zip/Android.mk ...
[264/1045] including external/zxing/Android.mk ...
[265/1045] including frameworks/av/camera/Android.mk ...
[266/1045] including frameworks/av/cmds/screenrecord/Android.mk ...
[267/1045] including frameworks/av/cmds/stagefright/Android.mk ...
[268/1045] including frameworks/av/drm/mediacas/plugins/clearkey/Android.mk ...
[269/1045] including frameworks/av/drm/mediacas/plugins/mock/Android.mk ...
[270/1045] including frameworks/av/media/audioserver/Android.mk ...
[271/1045] including frameworks/av/media/common_time/Android.mk ...
[272/1045] including frameworks/av/media/libaaudio/examples/input_monitor/jni/Android.mk ...
[273/1045] including frameworks/av/media/libaaudio/examples/loopback/jni/Android.mk ...
[274/1045] including frameworks/av/media/libaaudio/examples/write_sine/jni/Android.mk ...
[275/1045] including frameworks/av/media/libaudioprocessing/Android.mk ...
[276/1045] including frameworks/av/media/libeffects/downmix/Android.mk ...
[277/1045] including frameworks/av/media/libeffects/dynamicsproc/Android.mk ...
[278/1045] including frameworks/av/media/libeffects/loudness/Android.mk ...
[279/1045] including frameworks/av/media/libeffects/lvm/lib/Android.mk ...
[280/1045] including frameworks/av/media/libeffects/lvm/wrapper/Android.mk ...
[281/1045] including frameworks/av/media/libeffects/preprocessing/Android.mk ...
[282/1045] including frameworks/av/media/libeffects/proxy/Android.mk ...
[283/1045] including frameworks/av/media/libeffects/visualizer/Android.mk ...
[284/1045] including frameworks/av/media/libstagefright/foundation/tests/Android.mk ...
[285/1045] including frameworks/av/media/mediaserver/Android.mk ...
[286/1045] including frameworks/av/packages/MediaComponents/Android.mk ...
[287/1045] including frameworks/av/services/audioflinger/Android.mk ...
[288/1045] including frameworks/av/services/audiopolicy/Android.mk ...
[289/1045] including frameworks/av/services/camera/libcameraservice/Android.mk ...
[290/1045] including frameworks/av/services/mediaanalytics/Android.mk ...
[291/1045] including frameworks/av/services/mediacodec/Android.mk ...
[292/1045] including frameworks/av/services/mediadrm/Android.mk ...
[293/1045] including frameworks/av/services/mediaextractor/Android.mk ...
[294/1045] including frameworks/av/services/mediaresourcemanager/Android.mk ...
[295/1045] including frameworks/av/services/oboeservice/Android.mk ...
[296/1045] including frameworks/av/services/soundtrigger/Android.mk ...
[297/1045] including frameworks/av/tools/resampler_tools/Android.mk ...
[298/1045] including frameworks/base/Android.mk ...
[299/1045] including frameworks/data-binding/Android.mk ...
[300/1045] including frameworks/ex/camera2/Android.mk ...
[301/1045] including frameworks/ex/common/Android.mk ...
[302/1045] including frameworks/ex/framesequence/Android.mk ...
[303/1045] including frameworks/layoutlib/Android.mk ...
[304/1045] including frameworks/ml/nn/runtime/test/benchmark/Android.mk ...
[305/1045] including frameworks/multidex/Android.mk ...
[306/1045] including frameworks/native/cmds/bugreportz/Android.mk ...
[307/1045] including frameworks/native/cmds/cmd/Android.mk ...
[308/1045] including frameworks/native/cmds/dumpstate/Android.mk ...
[309/1045] including frameworks/native/cmds/flatland/Android.mk ...
[310/1045] including frameworks/native/cmds/installd/Android.mk ...
[311/1045] including frameworks/native/cmds/ip-up-vpn/Android.mk ...
[312/1045] including frameworks/native/cmds/rawbu/Android.mk ...
[313/1045] including frameworks/native/libs/vr/libdvr/tests/Android.mk ...
[314/1045] including frameworks/native/opengl/libagl/Android.mk ...
[315/1045] including frameworks/native/opengl/libs/Android.mk ...
[316/1045] including frameworks/native/opengl/tests/Android.mk ...
[317/1045] including frameworks/native/services/nativeperms/Android.mk ...
[318/1045] including frameworks/native/services/sensorservice/tests/Android.mk ...
[319/1045] including frameworks/native/services/vr/performanced/Android.mk ...
[320/1045] including frameworks/opt/bitmap/Android.mk ...
[321/1045] including frameworks/opt/calendar/Android.mk ...
[322/1045] including frameworks/opt/car/services/Android.mk ...
[323/1045] including frameworks/opt/car/setupwizard/library/Android.mk ...
[324/1045] including frameworks/opt/chips/Android.mk ...
[325/1045] including frameworks/opt/colorpicker/Android.mk ...
[326/1045] including frameworks/opt/datetimepicker/Android.mk ...
[327/1045] including frameworks/opt/inputmethodcommon/Android.mk ...
[328/1045] including frameworks/opt/net/ethernet/Android.mk ...
[329/1045] including frameworks/opt/net/ims/Android.mk ...
[330/1045] including frameworks/opt/net/lowpan/Android.mk ...
[331/1045] including frameworks/opt/net/wifi/libwifi_hal/Android.mk ...
[332/1045] including frameworks/opt/net/wifi/service/Android.mk ...
[333/1045] including frameworks/opt/net/wifi/tests/Android.mk ...
[334/1045] including frameworks/opt/photoviewer/Android.mk ...
[335/1045] including frameworks/opt/setupwizard/library/Android.mk ...
[336/1045] including frameworks/opt/setupwizard/navigationbar/Android.mk ...
[337/1045] including frameworks/opt/telephony/Android.mk ...
[338/1045] including frameworks/opt/timezonepicker/Android.mk ...
[339/1045] including frameworks/opt/vcard/Android.mk ...
[340/1045] including frameworks/rs/Android.mk ...
[341/1045] including frameworks/support/lottie/Android.mk ...
[342/1045] including frameworks/wilhelm/tests/native-media/Android.mk ...
[343/1045] including hardware/akm/AK8975_FS/akmdfs/Android.mk ...
[344/1045] including hardware/akm/AK8975_FS/libsensors/Android.mk ...
[345/1045] including hardware/broadcom/libbt/Android.mk ...
[346/1045] including hardware/broadcom/wlan/bcmdhd/Android.mk ...
[347/1045] including hardware/google/apf/Android.mk ...
[348/1045] including hardware/google/av/codec2/Android.mk ...
[349/1045] including hardware/google/easel/amber/camera/Android.mk ...
[350/1045] including hardware/intel/audio_media/hdmi/Android.mk ...
[351/1045] including hardware/intel/bootstub/Android.mk ...
[352/1045] including hardware/intel/common/libmix/Android.mk ...
[353/1045] including hardware/intel/common/libstagefrighthw/Android.mk ...
[354/1045] including hardware/intel/common/libva/Android.mk ...
[355/1045] including hardware/intel/common/libwsbm/src/Android.mk ...
[356/1045] including hardware/intel/common/omx-components/Android.mk ...
[357/1045] including hardware/intel/common/utils/ISV/Android.mk ...
[358/1045] including hardware/intel/common/utils/ituxd/Android.mk ...
[359/1045] including hardware/intel/common/utils/media_resource_manager/Android.mk ...
[360/1045] including hardware/intel/common/wrs_omxil_core/Android.mk ...
[361/1045] including hardware/intel/img/hwcomposer/merrifield/Android.mk ...
[362/1045] including hardware/intel/img/hwcomposer/moorefield_hdmi/Android.mk ...
[363/1045] including hardware/intel/img/psb_headers/Android.mk ...
[364/1045] including hardware/intel/img/psb_video/Android.mk ...
[365/1045] including hardware/interfaces/audio/common/all-versions/default/service/Android.mk ...
[366/1045] including hardware/interfaces/compatibility_matrices/Android.mk ...
[367/1045] including hardware/interfaces/configstore/1.1/default/Android.mk ...
[368/1045] including hardware/interfaces/drm/1.0/default/Android.mk ...
[369/1045] including hardware/interfaces/graphics/composer/2.2/default/Android.mk ...
[370/1045] including hardware/interfaces/health/1.0/default/Android.mk ...
[371/1045] including hardware/interfaces/keymaster/3.0/default/Android.mk ...
[372/1045] including hardware/interfaces/media/1.0/xml/Android.mk ...
[373/1045] including hardware/interfaces/soundtrigger/2.0/default/Android.mk ...
[374/1045] including hardware/interfaces/soundtrigger/2.1/default/Android.mk ...
[375/1045] including hardware/interfaces/wifi/1.2/default/Android.mk ...
[376/1045] including hardware/interfaces/wifi/supplicant/1.1/vts/Android.mk ...
[377/1045] including hardware/invensense/Android.mk ...
[378/1045] including hardware/libhardware/Android.mk ...
[379/1045] including hardware/lineage/lineagehw/etc/Android.mk ...
[380/1045] including hardware/lineage/telephony/Android.mk ...
[381/1045] including hardware/marvell/bt/Android.mk ...
[382/1045] including hardware/qcom/audio-caf/apq8084/Android.mk ...
[383/1045] including hardware/qcom/audio-caf/msm8916/Android.mk ...
[384/1045] including hardware/qcom/audio-caf/msm8952/Android.mk ...
[385/1045] including hardware/qcom/audio-caf/msm8960/Android.mk ...
[386/1045] including hardware/qcom/audio-caf/msm8974/Android.mk ...
[387/1045] including hardware/qcom/audio-caf/msm8994/Android.mk ...
[388/1045] including hardware/qcom/audio-caf/msm8996/Android.mk ...
[389/1045] including hardware/qcom/audio-caf/msm8998/Android.mk ...
[390/1045] including hardware/qcom/audio-caf/sdm845/Android.mk ...
[391/1045] including hardware/qcom/audio-caf/sm8150/Android.mk ...
[392/1045] including hardware/qcom/audio/default/Android.mk ...
[393/1045] including hardware/qcom/bootctrl/Android.mk ...
[394/1045] including hardware/qcom/bt-caf/Android.mk ...
[395/1045] including hardware/qcom/bt/Android.mk ...
[396/1045] including hardware/qcom/camera/Android.mk ...
[397/1045] including hardware/qcom/data/ipacfg-mgr/Android.mk ...
[398/1045] including hardware/qcom/display-caf/apq8084/Android.mk ...
[399/1045] including hardware/qcom/display-caf/msm8916/Android.mk ...
[400/1045] including hardware/qcom/display-caf/msm8952/Android.mk ...
[401/1045] including hardware/qcom/display-caf/msm8960/Android.mk ...
[402/1045] including hardware/qcom/display-caf/msm8974/Android.mk ...
[403/1045] including hardware/qcom/display-caf/msm8994/Android.mk ...
[404/1045] including hardware/qcom/display-caf/msm8996/Android.mk ...
[405/1045] including hardware/qcom/display-caf/msm8998/Android.mk ...
[406/1045] including hardware/qcom/display-caf/sdm845/Android.mk ...
[407/1045] including hardware/qcom/display-caf/sm8150/Android.mk ...
[408/1045] including hardware/qcom/display/Android.mk ...
[409/1045] including hardware/qcom/fm/Android.mk ...
[410/1045] including hardware/qcom/gps/Android.mk ...
[411/1045] including hardware/qcom/keymaster/Android.mk ...
[412/1045] including hardware/qcom/media-caf/apq8084/Android.mk ...
[413/1045] including hardware/qcom/media-caf/msm8916/Android.mk ...
[414/1045] including hardware/qcom/media-caf/msm8952/Android.mk ...
[415/1045] including hardware/qcom/media-caf/msm8960/Android.mk ...
[416/1045] including hardware/qcom/media-caf/msm8974/Android.mk ...
[417/1045] including hardware/qcom/media-caf/msm8994/Android.mk ...
[418/1045] including hardware/qcom/media-caf/msm8996/Android.mk ...
[419/1045] including hardware/qcom/media-caf/msm8998/Android.mk ...
[420/1045] including hardware/qcom/media-caf/sdm845/Android.mk ...
[421/1045] including hardware/qcom/media-caf/sm8150/Android.mk ...
[422/1045] including hardware/qcom/media/Android.mk ...
[423/1045] including hardware/qcom/power/Android.mk ...
[424/1045] including hardware/qcom/sdm710/Android.mk ...
[425/1045] including hardware/qcom/sdm845/Android.mk ...
[426/1045] including hardware/qcom/thermal/Android.mk ...
[427/1045] including hardware/qcom/vr/Android.mk ...
[428/1045] including hardware/qcom/wlan-caf/Android.mk ...
[429/1045] including hardware/qcom/wlan/Android.mk ...
[430/1045] including hardware/ril-caf/Android.mk ...
[431/1045] including hardware/ril/Android.mk ...
[432/1045] including kernel/google/crosshatch/drivers/staging/greybus/tools/Android.mk ...
[433/1045] including kernel/google/crosshatch/drivers/staging/qcacld-3.0/Android.mk ...
[434/1045] including libcore/Android.mk ...
[435/1045] including lineage-sdk/Android.mk ...
[436/1045] including packages/apps/AppDrawer/Android.mk ...
[437/1045] including packages/apps/AudioFX/Android.mk ...
[438/1045] including packages/apps/BasicSmsReceiver/Android.mk ...
[439/1045] including packages/apps/Bluetooth/Android.mk ...
[440/1045] including packages/apps/Calendar/Android.mk ...
[441/1045] including packages/apps/Camera2/Android.mk ...
[442/1045] including packages/apps/Car/Dialer/Android.mk ...
[443/1045] including packages/apps/Car/Hvac/Android.mk ...
[444/1045] including packages/apps/Car/LatinIME/Android.mk ...
[445/1045] including packages/apps/Car/Launcher/Android.mk ...
[446/1045] including packages/apps/Car/LensPicker/Android.mk ...
[447/1045] including packages/apps/Car/LocalMediaPlayer/Android.mk ...
[448/1045] including packages/apps/Car/Media/Android.mk ...
[449/1045] including packages/apps/Car/Messenger/Android.mk ...
[450/1045] including packages/apps/Car/Radio/Android.mk ...
[451/1045] including packages/apps/Car/Settings/Android.mk ...
[452/1045] including packages/apps/Car/SystemUpdater/Android.mk ...
[453/1045] including packages/apps/Car/libs/car-apps-common/Android.mk ...
[454/1045] including packages/apps/Car/libs/car-broadcastradio-support/Android.mk ...
[455/1045] including packages/apps/Car/libs/car-list/Android.mk ...
[456/1045] including packages/apps/Car/libs/car-media-common/Android.mk ...
[457/1045] including packages/apps/Car/libs/car-settings-lib/Android.mk ...
[458/1045] including packages/apps/Car/libs/car-stream-ui-lib/Android.mk ...
[459/1045] including packages/apps/CarrierConfig/Android.mk ...
[460/1045] including packages/apps/CellBroadcastReceiver/Android.mk ...
[461/1045] including packages/apps/CertInstaller/Android.mk ...
[462/1045] including packages/apps/Contacts/Android.mk ...
[463/1045] including packages/apps/DUI/Android.mk ...
[464/1045] including packages/apps/DeskClock/Android.mk ...
[465/1045] including packages/apps/Dialer/Android.mk ...
[466/1045] including packages/apps/DocumentsUI/Android.mk ...
[467/1045] including packages/apps/Eleven/Android.mk ...
[468/1045] including packages/apps/Email/Android.mk ...
[469/1045] including packages/apps/EmergencyInfo/Android.mk ...
[470/1045] including packages/apps/ExactCalculator/Android.mk ...
[471/1045] including packages/apps/Exchange/Android.mk ...
[472/1045] including packages/apps/FMRadio/Android.mk ...
[473/1045] including packages/apps/Gallery2/Android.mk ...
[474/1045] including packages/apps/HTMLViewer/Android.mk ...
[475/1045] including packages/apps/Jelly/app/src/main/Android.mk ...
[476/1045] including packages/apps/KeyChain/Android.mk ...
[477/1045] including packages/apps/Launcher3/Android.mk ...
[478/1045] including packages/apps/LineageCustomizer/Android.mk ...
[479/1045] including packages/apps/LineageParts/Android.mk ...
[480/1045] including packages/apps/LockClock/Android.mk ...
[481/1045] including packages/apps/ManagedProvisioning/Android.mk ...
[482/1045] including packages/apps/Messaging/Android.mk ...
[483/1045] including packages/apps/Nfc/Android.mk ...
[484/1045] including packages/apps/OmniStyle/Android.mk ...
[485/1045] including packages/apps/OmniSwitch/Android.mk ...
[486/1045] including packages/apps/OneTimeInitializer/Android.mk ...
[487/1045] including packages/apps/PackageInstaller/Android.mk ...
[488/1045] including packages/apps/PhoneCommon/Android.mk ...
[489/1045] including packages/apps/Profiles/Android.mk ...
[490/1045] including packages/apps/Provision/Android.mk ...
[491/1045] including packages/apps/Recorder/app/src/main/Android.mk ...
[492/1045] including packages/apps/SafetyRegulatoryInfo/Android.mk ...
[493/1045] including packages/apps/SecureElement/Android.mk ...
[494/1045] including packages/apps/Settings/Android.mk ...
[495/1045] including packages/apps/SettingsIntelligence/Android.mk ...
[496/1045] including packages/apps/Snap/Android.mk ...
[497/1045] including packages/apps/Stk/Android.mk ...
[498/1045] including packages/apps/StorageManager/Android.mk ...
[499/1045] including packages/apps/TV/Android.mk ...
[500/1045] including packages/apps/Tag/Android.mk ...
[501/1045] including packages/apps/Terminal/Android.mk ...
[502/1045] including packages/apps/Test/connectivity/PMC/Android.mk ...
[503/1045] including packages/apps/Test/connectivity/UID/Android.mk ...
[504/1045] including packages/apps/Traceur/Android.mk ...
[505/1045] including packages/apps/TvSettings/QuickSettings/Android.mk ...
[506/1045] including packages/apps/TvSettings/Settings/Android.mk ...
[507/1045] including packages/apps/UnifiedEmail/Android.mk ...
[508/1045] including packages/apps/WallpaperPicker/Android.mk ...
[509/1045] including packages/apps/WeatherClient/Android.mk ...
[510/1045] including packages/apps/crDroidSettings/Android.mk ...
[511/1045] including packages/experimental/Android.mk ...
[512/1045] including packages/inputmethods/LatinIME/Android.mk ...
[513/1045] including packages/providers/BlockedNumberProvider/Android.mk ...
[514/1045] including packages/providers/BookmarkProvider/Android.mk ...
[515/1045] including packages/providers/CalendarProvider/Android.mk ...
[516/1045] including packages/providers/CallLogProvider/Android.mk ...
[517/1045] including packages/providers/ContactsProvider/Android.mk ...
[518/1045] including packages/providers/DownloadProvider/Android.mk ...
[519/1045] including packages/providers/MediaProvider/Android.mk ...
[520/1045] including packages/providers/PartnerBookmarksProvider/Android.mk ...
[521/1045] including packages/providers/TelephonyProvider/Android.mk ...
[522/1045] including packages/providers/TvProvider/Android.mk ...
[523/1045] including packages/providers/UserDictionaryProvider/Android.mk ...
[524/1045] including packages/providers/WeatherProvider/Android.mk ...
[525/1045] including packages/screensavers/Basic/Android.mk ...
[526/1045] including packages/screensavers/PhotoTable/Android.mk ...
[527/1045] including packages/screensavers/WebView/Android.mk ...
[528/1045] including packages/services/BuiltInPrintService/Android.mk ...
[529/1045] including packages/services/Car/Android.mk ...
[530/1045] including packages/services/Mms/Android.mk ...
[531/1045] including packages/services/Telecomm/Android.mk ...
[532/1045] including packages/services/Telephony/Android.mk ...
[533/1045] including packages/wallpapers/LivePicker/Android.mk ...
[534/1045] including pdk/apps/HelloPDK/Android.mk ...
[535/1045] including pdk/apps/TestingCamera/Android.mk ...
[536/1045] including pdk/apps/TestingCamera2/Android.mk ...
[537/1045] including platform_testing/libraries/annotations/Android.mk ...
[538/1045] including platform_testing/libraries/app-helpers/core/Android.mk ...
[539/1045] including platform_testing/libraries/app-helpers/interfaces/Android.mk ...
[540/1045] including platform_testing/libraries/aupt-lib/Android.mk ...
[541/1045] including platform_testing/libraries/device-collectors/src/hostsidetests/Android.mk ...
[542/1045] including platform_testing/libraries/device-collectors/src/main/Android.mk ...
[543/1045] including platform_testing/libraries/device-collectors/src/test/Android.mk ...
[544/1045] including platform_testing/libraries/flicker/Android.mk ...
[545/1045] including platform_testing/libraries/junitxml/Android.mk ...
[546/1045] including platform_testing/libraries/launcher-helper/Android.mk ...
[547/1045] including platform_testing/libraries/longevity/Android.mk ...
[548/1045] including platform_testing/libraries/metrics-helper/Android.mk ...
[549/1045] including platform_testing/libraries/power-helper/Android.mk ...
[550/1045] including platform_testing/libraries/system-helpers/Android.mk ...
[551/1045] including platform_testing/libraries/timeresult-helper/Android.mk ...
[552/1045] including platform_testing/scripts/perf-load-setup/Android.mk ...
[553/1045] including platform_testing/scripts/perf-setup/Android.mk ...
[554/1045] including platform_testing/tests/example/instrumentation/Android.mk ...
[555/1045] including platform_testing/tests/functional/applinktests/Android.mk ...
[556/1045] including platform_testing/tests/functional/appsmoke/Android.mk ...
[557/1045] including platform_testing/tests/functional/calculator/Android.mk ...
[558/1045] including platform_testing/tests/functional/devicehealthchecks/Android.mk ...
[559/1045] including platform_testing/tests/functional/devicehealthtests/Android.mk ...
[560/1045] including platform_testing/tests/functional/downloadapp/Android.mk ...
[561/1045] including platform_testing/tests/functional/notificationtests/Android.mk ...
[562/1045] including platform_testing/tests/functional/overviewtests/Android.mk ...
[563/1045] including platform_testing/tests/functional/permission/Android.mk ...
[564/1045] including platform_testing/tests/functional/systemmetrics/Android.mk ...
[565/1045] including platform_testing/tests/functional/testapks/applinktestapp/Android.mk ...
[566/1045] including platform_testing/tests/functional/testapks/permissiontestappmv1/Android.mk ...
[567/1045] including platform_testing/tests/jank/UbSystemUiJankTests/Android.mk ...
[568/1045] including platform_testing/tests/jank/androidtvjanktests/Android.mk ...
[569/1045] including platform_testing/tests/jank/dialer/Android.mk ...
[570/1045] including platform_testing/tests/jank/jankmicrobenchmark/Android.mk ...
[571/1045] including platform_testing/tests/jank/sysapp_wear/Android.mk ...
[572/1045] including platform_testing/tests/jank/touch_latency_wear/Android.mk ...
[573/1045] including platform_testing/tests/jank/uibench/Android.mk ...
[574/1045] including platform_testing/tests/jank/uibench_wear/Android.mk ...
[575/1045] including platform_testing/tests/jank/webview/Android.mk ...
[576/1045] including platform_testing/tests/perf/BootHelperApp/Android.mk ...
[577/1045] including platform_testing/tests/perf/PerfTransitionTest/Android.mk ...
[578/1045] including platform_testing/tests/perf/PerformanceAppTest/Android.mk ...
[579/1045] including platform_testing/tests/perf/PerformanceLaunch/Android.mk ...
[580/1045] including platform_testing/tests/perf/PowerPerfTest/Android.mk ...
[581/1045] including platform_testing/utils/crashcollector/Android.mk ...
[582/1045] including platform_testing/utils/dpad/Android.mk ...
[583/1045] including platform_testing/utils/permissions/Android.mk ...
[584/1045] including platform_testing/utils/wifistrengthscanner/Android.mk ...
[585/1045] including prebuilts/clang/host/linux-x86/Android.mk ...
[586/1045] including prebuilts/maven_repo/android/Android.mk ...
[587/1045] including prebuilts/misc/Android.mk ...
[588/1045] including prebuilts/ndk/Android.mk ...
[589/1045] including prebuilts/qemu-kernel/x86/pc-bios/Android.mk ...
[590/1045] including prebuilts/sdk/Android.mk ...
[591/1045] including prebuilts/tools/Android.mk ...
[592/1045] including prebuilts/vndk/v27/common/Android.mk ...
[593/1045] including sdk/annotations/Android.mk ...
[594/1045] including sdk/dumpeventlog/Android.mk ...
[595/1045] including sdk/emulator/mksdcard/Android.mk ...
[596/1045] including sdk/eventanalyzer/Android.mk ...
[597/1045] including sdk/hierarchyviewer/etc/Android.mk ...
[598/1045] including sdk/hierarchyviewer/src/Android.mk ...
[599/1045] including system/bt/Android.mk ...
[600/1045] including system/ca-certificates/Android.mk ...
[601/1045] including system/chre/apps/chqts/src/shared/Android.mk ...
[602/1045] including system/connectivity/wificond/Android.mk ...
[603/1045] including system/connectivity/wifilogd/Android.mk ...
[604/1045] including system/core/Android.mk ...
[605/1045] including system/extras/Android.mk ...
[606/1045] including system/iot/attestation/atap/Android.mk ...
[607/1045] including system/libfmq/benchmarks/Android.mk ...
[608/1045] including system/libfmq/tests/Android.mk ...
[609/1045] including system/libhidl/transport/base/1.0/vts/functional/Android.mk ...
[610/1045] including system/libhidl/vintfdata/Android.mk ...
[611/1045] including system/libufdt/Android.mk ...
[612/1045] including system/libvintf/Android.mk ...
[613/1045] including system/netd/Android.mk ...
[614/1045] including system/nvram/Android.mk ...
[615/1045] including system/security/keystore-engine/Android.mk ...
[616/1045] including system/sepolicy/Android.mk ...
[617/1045] including system/timezone/Android.mk ...
[618/1045] including system/tools/aidl/Android.mk ...
[619/1045] including system/tools/dtbtool/Android.mk ...
[620/1045] including system/tools/hidl/test/hidl_test/Android.mk ...
[621/1045] including system/tools/hidl/test/java_test/Android.mk ...
[622/1045] including system/tpm/tpm_manager/Android.mk ...
[623/1045] including system/tpm/trunks/Android.mk ...
[624/1045] including system/update_engine/Android.mk ...
[625/1045] including test/framework/build/Android.mk ...
[626/1045] including test/framework/harnesses/Android.mk ...
[627/1045] including test/framework/tools/host_controller/Android.mk ...
[628/1045] including test/suite_harness/Android.mk ...
[629/1045] including test/vti/test_serving/configs/global/Android.mk ...
[630/1045] including test/vts-testcase/fuzz/config/audio/V2_0/iface_fuzzer/Android.mk ...
[631/1045] including test/vts-testcase/fuzz/config/audio/V4_0/iface_fuzzer/Android.mk ...
[632/1045] including test/vts-testcase/fuzz/config/audio/common/V2_0/iface_fuzzer/Android.mk ...
[633/1045] including test/vts-testcase/fuzz/config/audio/common/V4_0/iface_fuzzer/Android.mk ...
[634/1045] including test/vts-testcase/fuzz/config/audio/effect/V2_0/iface_fuzzer/Android.mk ...
[635/1045] including test/vts-testcase/fuzz/config/audio/effect/V4_0/iface_fuzzer/Android.mk ...
[636/1045] including test/vts-testcase/fuzz/config/authsecret/V1_0/iface_fuzzer/Android.mk ...
[637/1045] including test/vts-testcase/fuzz/config/automotive/audiocontrol/V1_0/iface_fuzzer/Android.mk ...
[638/1045] including test/vts-testcase/fuzz/config/automotive/evs/V1_0/iface_fuzzer/Android.mk ...
[639/1045] including test/vts-testcase/fuzz/config/automotive/vehicle/V2_0/iface_fuzzer/Android.mk ...
[640/1045] including test/vts-testcase/fuzz/config/biometrics/fingerprint/V2_1/iface_fuzzer/Android.mk ...
[641/1045] including test/vts-testcase/fuzz/config/bluetooth/V1_0/iface_fuzzer/Android.mk ...
[642/1045] including test/vts-testcase/fuzz/config/bluetooth/a2dp/V1_0/iface_fuzzer/Android.mk ...
[643/1045] including test/vts-testcase/fuzz/config/boot/V1_0/iface_fuzzer/Android.mk ...
[644/1045] including test/vts-testcase/fuzz/config/broadcastradio/V1_0/iface_fuzzer/Android.mk ...
[645/1045] including test/vts-testcase/fuzz/config/broadcastradio/V1_1/iface_fuzzer/Android.mk ...
[646/1045] including test/vts-testcase/fuzz/config/broadcastradio/V2_0/iface_fuzzer/Android.mk ...
[647/1045] including test/vts-testcase/fuzz/config/camera/common/V1_0/iface_fuzzer/Android.mk ...
[648/1045] including test/vts-testcase/fuzz/config/camera/device/V1_0/iface_fuzzer/Android.mk ...
[649/1045] including test/vts-testcase/fuzz/config/camera/device/V3_2/iface_fuzzer/Android.mk ...
[650/1045] including test/vts-testcase/fuzz/config/camera/device/V3_3/iface_fuzzer/Android.mk ...
[651/1045] including test/vts-testcase/fuzz/config/camera/device/V3_4/iface_fuzzer/Android.mk ...
[652/1045] including test/vts-testcase/fuzz/config/camera/metadata/V3_2/iface_fuzzer/Android.mk ...
[653/1045] including test/vts-testcase/fuzz/config/camera/metadata/V3_3/iface_fuzzer/Android.mk ...
[654/1045] including test/vts-testcase/fuzz/config/camera/provider/V2_4/iface_fuzzer/Android.mk ...
[655/1045] including test/vts-testcase/fuzz/config/cas/V1_0/iface_fuzzer/Android.mk ...
[656/1045] including test/vts-testcase/fuzz/config/cas/native/V1_0/iface_fuzzer/Android.mk ...
[657/1045] including test/vts-testcase/fuzz/config/configstore/V1_0/iface_fuzzer/Android.mk ...
[658/1045] including test/vts-testcase/fuzz/config/configstore/V1_1/iface_fuzzer/Android.mk ...
[659/1045] including test/vts-testcase/fuzz/config/confirmationui/V1_0/iface_fuzzer/Android.mk ...
[660/1045] including test/vts-testcase/fuzz/config/contexthub/V1_0/iface_fuzzer/Android.mk ...
[661/1045] including test/vts-testcase/fuzz/config/drm/V1_0/iface_fuzzer/Android.mk ...
[662/1045] including test/vts-testcase/fuzz/config/drm/V1_1/iface_fuzzer/Android.mk ...
[663/1045] including test/vts-testcase/fuzz/config/dumpstate/V1_0/iface_fuzzer/Android.mk ...
[664/1045] including test/vts-testcase/fuzz/config/gatekeeper/V1_0/iface_fuzzer/Android.mk ...
[665/1045] including test/vts-testcase/fuzz/config/gnss/V1_0/iface_fuzzer/Android.mk ...
[666/1045] including test/vts-testcase/fuzz/config/gnss/V1_1/iface_fuzzer/Android.mk ...
[667/1045] including test/vts-testcase/fuzz/config/graphics/allocator/V2_0/iface_fuzzer/Android.mk ...
[668/1045] including test/vts-testcase/fuzz/config/graphics/bufferqueue/V1_0/iface_fuzzer/Android.mk ...
[669/1045] including test/vts-testcase/fuzz/config/graphics/common/V1_0/iface_fuzzer/Android.mk ...
[670/1045] including test/vts-testcase/fuzz/config/graphics/common/V1_1/iface_fuzzer/Android.mk ...
[671/1045] including test/vts-testcase/fuzz/config/graphics/composer/V2_1/iface_fuzzer/Android.mk ...
[672/1045] including test/vts-testcase/fuzz/config/graphics/composer/V2_2/iface_fuzzer/Android.mk ...
[673/1045] including test/vts-testcase/fuzz/config/graphics/mapper/V2_0/iface_fuzzer/Android.mk ...
[674/1045] including test/vts-testcase/fuzz/config/graphics/mapper/V2_1/iface_fuzzer/Android.mk ...
[675/1045] including test/vts-testcase/fuzz/config/health/V1_0/iface_fuzzer/Android.mk ...
[676/1045] including test/vts-testcase/fuzz/config/health/V2_0/iface_fuzzer/Android.mk ...
[677/1045] including test/vts-testcase/fuzz/config/ir/V1_0/iface_fuzzer/Android.mk ...
[678/1045] including test/vts-testcase/fuzz/config/keymaster/V3_0/iface_fuzzer/Android.mk ...
[679/1045] including test/vts-testcase/fuzz/config/keymaster/V4_0/iface_fuzzer/Android.mk ...
[680/1045] including test/vts-testcase/fuzz/config/light/V2_0/iface_fuzzer/Android.mk ...
[681/1045] including test/vts-testcase/fuzz/config/media/V1_0/iface_fuzzer/Android.mk ...
[682/1045] including test/vts-testcase/fuzz/config/media/bufferpool/V1_0/iface_fuzzer/Android.mk ...
[683/1045] including test/vts-testcase/fuzz/config/media/omx/V1_0/iface_fuzzer/Android.mk ...
[684/1045] including test/vts-testcase/fuzz/config/memtrack/V1_0/iface_fuzzer/Android.mk ...
[685/1045] including test/vts-testcase/fuzz/config/neuralnetworks/V1_0/iface_fuzzer/Android.mk ...
[686/1045] including test/vts-testcase/fuzz/config/neuralnetworks/V1_1/iface_fuzzer/Android.mk ...
[687/1045] including test/vts-testcase/fuzz/config/nfc/V1_0/iface_fuzzer/Android.mk ...
[688/1045] including test/vts-testcase/fuzz/config/nfc/V1_1/iface_fuzzer/Android.mk ...
[689/1045] including test/vts-testcase/fuzz/config/oemlock/V1_0/iface_fuzzer/Android.mk ...
[690/1045] including test/vts-testcase/fuzz/config/power/V1_0/iface_fuzzer/Android.mk ...
[691/1045] including test/vts-testcase/fuzz/config/power/V1_1/iface_fuzzer/Android.mk ...
[692/1045] including test/vts-testcase/fuzz/config/power/V1_2/iface_fuzzer/Android.mk ...
[693/1045] including test/vts-testcase/fuzz/config/radio/V1_0/iface_fuzzer/Android.mk ...
[694/1045] including test/vts-testcase/fuzz/config/radio/V1_1/iface_fuzzer/Android.mk ...
[695/1045] including test/vts-testcase/fuzz/config/radio/V1_2/iface_fuzzer/Android.mk ...
[696/1045] including test/vts-testcase/fuzz/config/radio/config/V1_0/iface_fuzzer/Android.mk ...
[697/1045] including test/vts-testcase/fuzz/config/radio/deprecated/V1_0/iface_fuzzer/Android.mk ...
[698/1045] including test/vts-testcase/fuzz/config/renderscript/V1_0/iface_fuzzer/Android.mk ...
[699/1045] including test/vts-testcase/fuzz/config/secure_element/V1_0/iface_fuzzer/Android.mk ...
[700/1045] including test/vts-testcase/fuzz/config/sensors/V1_0/iface_fuzzer/Android.mk ...
[701/1045] including test/vts-testcase/fuzz/config/soundtrigger/V2_0/iface_fuzzer/Android.mk ...
[702/1045] including test/vts-testcase/fuzz/config/soundtrigger/V2_1/iface_fuzzer/Android.mk ...
[703/1045] including test/vts-testcase/fuzz/config/tetheroffload/config/V1_0/iface_fuzzer/Android.mk ...
[704/1045] including test/vts-testcase/fuzz/config/tetheroffload/control/V1_0/iface_fuzzer/Android.mk ...
[705/1045] including test/vts-testcase/fuzz/config/thermal/V1_0/iface_fuzzer/Android.mk ...
[706/1045] including test/vts-testcase/fuzz/config/thermal/V1_1/iface_fuzzer/Android.mk ...
[707/1045] including test/vts-testcase/fuzz/config/tv/cec/V1_0/iface_fuzzer/Android.mk ...
[708/1045] including test/vts-testcase/fuzz/config/tv/input/V1_0/iface_fuzzer/Android.mk ...
[709/1045] including test/vts-testcase/fuzz/config/usb/V1_0/iface_fuzzer/Android.mk ...
[710/1045] including test/vts-testcase/fuzz/config/usb/V1_1/iface_fuzzer/Android.mk ...
[711/1045] including test/vts-testcase/fuzz/config/usb/gadget/V1_0/iface_fuzzer/Android.mk ...
[712/1045] including test/vts-testcase/fuzz/config/vibrator/V1_0/iface_fuzzer/Android.mk ...
[713/1045] including test/vts-testcase/fuzz/config/vibrator/V1_1/iface_fuzzer/Android.mk ...
[714/1045] including test/vts-testcase/fuzz/config/vibrator/V1_2/iface_fuzzer/Android.mk ...
[715/1045] including test/vts-testcase/fuzz/config/vr/V1_0/iface_fuzzer/Android.mk ...
[716/1045] including test/vts-testcase/fuzz/config/weaver/V1_0/iface_fuzzer/Android.mk ...
[717/1045] including test/vts-testcase/fuzz/config/wifi/V1_0/iface_fuzzer/Android.mk ...
[718/1045] including test/vts-testcase/fuzz/config/wifi/V1_1/iface_fuzzer/Android.mk ...
[719/1045] including test/vts-testcase/fuzz/config/wifi/V1_2/iface_fuzzer/Android.mk ...
[720/1045] including test/vts-testcase/fuzz/config/wifi/hostapd/V1_0/iface_fuzzer/Android.mk ...
[721/1045] including test/vts-testcase/fuzz/config/wifi/offload/V1_0/iface_fuzzer/Android.mk ...
[722/1045] including test/vts-testcase/fuzz/config/wifi/supplicant/V1_0/iface_fuzzer/Android.mk ...
[723/1045] including test/vts-testcase/fuzz/config/wifi/supplicant/V1_1/iface_fuzzer/Android.mk ...
[724/1045] including test/vts-testcase/fuzz/iface_fuzzer/Android.mk ...
[725/1045] including test/vts-testcase/fuzz/kernel/syzkaller/Android.mk ...
[726/1045] including test/vts-testcase/hal/audio/V2_0/target/Android.mk ...
[727/1045] including test/vts-testcase/hal/audio/V2_0/target_profiling/Android.mk ...
[728/1045] including test/vts-testcase/hal/audio/V4_0/target/Android.mk ...
[729/1045] including test/vts-testcase/hal/audio/V4_0/target_profiling/Android.mk ...
[730/1045] including test/vts-testcase/hal/audio/effect/V2_0/target/Android.mk ...
[731/1045] including test/vts-testcase/hal/audio/effect/V2_0/target_profiling/Android.mk ...
[732/1045] including test/vts-testcase/hal/audio/effect/V2_0/target_replay/Android.mk ...
[733/1045] including test/vts-testcase/hal/audio/effect/V4_0/target/Android.mk ...
[734/1045] including test/vts-testcase/hal/audio/effect/V4_0/target_profiling/Android.mk ...
[735/1045] including test/vts-testcase/hal/authsecret/V1_0/target/Android.mk ...
[736/1045] including test/vts-testcase/hal/automotive/evs/V1_0/target/Android.mk ...
[737/1045] including test/vts-testcase/hal/automotive/evs/V1_0/target_profiling/Android.mk ...
[738/1045] including test/vts-testcase/hal/automotive/vehicle/V2_0/host/Android.mk ...
[739/1045] including test/vts-testcase/hal/automotive/vehicle/V2_0/host_profiling/Android.mk ...
[740/1045] including test/vts-testcase/hal/biometrics/fingerprint/V2_1/target/Android.mk ...
[741/1045] including test/vts-testcase/hal/biometrics/fingerprint/V2_1/target_profiling/Android.mk ...
[742/1045] including test/vts-testcase/hal/biometrics/fingerprint/V2_1/target_replay/Android.mk ...
[743/1045] including test/vts-testcase/hal/bluetooth/V1_0/target/Android.mk ...
[744/1045] including test/vts-testcase/hal/bluetooth/V1_0/target_profiling/Android.mk ...
[745/1045] including test/vts-testcase/hal/bluetooth/V1_0/target_replay/Android.mk ...
[746/1045] including test/vts-testcase/hal/boot/V1_0/target/Android.mk ...
[747/1045] including test/vts-testcase/hal/boot/V1_0/target_profiling/Android.mk ...
[748/1045] including test/vts-testcase/hal/broadcastradio/V1_0/target/Android.mk ...
[749/1045] including test/vts-testcase/hal/broadcastradio/V1_0/target_profiling/Android.mk ...
[750/1045] including test/vts-testcase/hal/broadcastradio/V1_1/adapter/Android.mk ...
[751/1045] including test/vts-testcase/hal/broadcastradio/V1_1/target/Android.mk ...
[752/1045] including test/vts-testcase/hal/broadcastradio/V1_1/target_profiling/Android.mk ...
[753/1045] including test/vts-testcase/hal/broadcastradio/V2_0/target/Android.mk ...
[754/1045] including test/vts-testcase/hal/broadcastradio/V2_0/target_profiling/Android.mk ...
[755/1045] including test/vts-testcase/hal/camera/device/V3_3/adapter/Android.mk ...
[756/1045] including test/vts-testcase/hal/camera/device/V3_4/adapter/Android.mk ...
[757/1045] including test/vts-testcase/hal/camera/metadata/V3_3/adapter/Android.mk ...
[758/1045] including test/vts-testcase/hal/camera/provider/V2_4/target/Android.mk ...
[759/1045] including test/vts-testcase/hal/camera/provider/V2_4/target_profiling/Android.mk ...
[760/1045] including test/vts-testcase/hal/cas/V1_0/target/Android.mk ...
[761/1045] including test/vts-testcase/hal/configstore/V1_0/target/Android.mk ...
[762/1045] including test/vts-testcase/hal/configstore/V1_0/target_profiling/Android.mk ...
[763/1045] including test/vts-testcase/hal/configstore/V1_0/target_replay/Android.mk ...
[764/1045] including test/vts-testcase/hal/contexthub/V1_0/host/Android.mk ...
[765/1045] including test/vts-testcase/hal/contexthub/V1_0/target/Android.mk ...
[766/1045] including test/vts-testcase/hal/contexthub/V1_0/target_profiling/Android.mk ...
[767/1045] including test/vts-testcase/hal/contexthub/V1_0/target_replay/Android.mk ...
[768/1045] including test/vts-testcase/hal/drm/V1_0/target/Android.mk ...
[769/1045] including test/vts-testcase/hal/drm/V1_0/target_profiling/Android.mk ...
[770/1045] including test/vts-testcase/hal/drm/V1_1/adapter/Android.mk ...
[771/1045] including test/vts-testcase/hal/drm/V1_1/target/Android.mk ...
[772/1045] including test/vts-testcase/hal/drm/V1_1/target_profiling/Android.mk ...
[773/1045] including test/vts-testcase/hal/dumpstate/V1_0/target/Android.mk ...
[774/1045] including test/vts-testcase/hal/gatekeeper/V1_0/target/Android.mk ...
[775/1045] including test/vts-testcase/hal/gatekeeper/V1_0/target_profiling/Android.mk ...
[776/1045] including test/vts-testcase/hal/gatekeeper/V1_0/target_replay/Android.mk ...
[777/1045] including test/vts-testcase/hal/gnss/V1_0/host/binderize/Android.mk ...
[778/1045] including test/vts-testcase/hal/gnss/V1_0/target/Android.mk ...
[779/1045] including test/vts-testcase/hal/gnss/V1_0/target_profiling/Android.mk ...
[780/1045] including test/vts-testcase/hal/gnss/V1_1/adapter/Android.mk ...
[781/1045] including test/vts-testcase/hal/gnss/V1_1/target/Android.mk ...
[782/1045] including test/vts-testcase/hal/graphics/common/V1_1/adapter/Android.mk ...
[783/1045] including test/vts-testcase/hal/graphics/composer/V2_1/target/Android.mk ...
[784/1045] including test/vts-testcase/hal/graphics/composer/V2_1/target_profiling/Android.mk ...
[785/1045] including test/vts-testcase/hal/graphics/composer/V2_2/adapter/Android.mk ...
[786/1045] including test/vts-testcase/hal/graphics/composer/V2_2/target/Android.mk ...
[787/1045] including test/vts-testcase/hal/graphics/mapper/V2_0/target/Android.mk ...
[788/1045] including test/vts-testcase/hal/graphics/mapper/V2_0/target_profiling/Android.mk ...
[789/1045] including test/vts-testcase/hal/graphics/mapper/V2_1/adapter/Android.mk ...
[790/1045] including test/vts-testcase/hal/graphics/mapper/V2_1/target/Android.mk ...
[791/1045] including test/vts-testcase/hal/graphics/mapper/V2_1/target_profiling/Android.mk ...
[792/1045] including test/vts-testcase/hal/health/V1_0/target/Android.mk ...
[793/1045] including test/vts-testcase/hal/health/V1_0/target_profiling/Android.mk ...
[794/1045] including test/vts-testcase/hal/health/V2_0/target/Android.mk ...
[795/1045] including test/vts-testcase/hal/ir/V1_0/target/Android.mk ...
[796/1045] including test/vts-testcase/hal/ir/V1_0/target_profiling/Android.mk ...
[797/1045] including test/vts-testcase/hal/keymaster/V3_0/target/Android.mk ...
[798/1045] including test/vts-testcase/hal/keymaster/V3_0/target_profiling/Android.mk ...
[799/1045] including test/vts-testcase/hal/keymaster/V3_0/target_replay/Android.mk ...
[800/1045] including test/vts-testcase/hal/keymaster/V4_0/target/Android.mk ...
[801/1045] including test/vts-testcase/hal/keymaster/V4_0/target_profiling/Android.mk ...
[802/1045] including test/vts-testcase/hal/light/V2_0/target/Android.mk ...
[803/1045] including test/vts-testcase/hal/light/V2_0/target_profiling/Android.mk ...
[804/1045] including test/vts-testcase/hal/light/V2_0/target_replay/Android.mk ...
[805/1045] including test/vts-testcase/hal/media/omx/V1_0/host/Android.mk ...
[806/1045] including test/vts-testcase/hal/media/omx/V1_0/host_omxstore/Android.mk ...
[807/1045] including test/vts-testcase/hal/memtrack/V1_0/target/Android.mk ...
[808/1045] including test/vts-testcase/hal/memtrack/V1_0/target_profiling/Android.mk ...
[809/1045] including test/vts-testcase/hal/memtrack/V1_0/target_replay/Android.mk ...
[810/1045] including test/vts-testcase/hal/net/netd/V1_0/target/Android.mk ...
[811/1045] including test/vts-testcase/hal/net/netd/V1_0/target_profiling/Android.mk ...
[812/1045] including test/vts-testcase/hal/net/netd/V1_1/target/Android.mk ...
[813/1045] including test/vts-testcase/hal/net/netd/V1_1/target_profiling/Android.mk ...
[814/1045] including test/vts-testcase/hal/neuralnetworks/V1_0/target/Android.mk ...
[815/1045] including test/vts-testcase/hal/neuralnetworks/V1_0/target_profiling/Android.mk ...
[816/1045] including test/vts-testcase/hal/neuralnetworks/V1_1/adapter/Android.mk ...
[817/1045] including test/vts-testcase/hal/neuralnetworks/V1_1/target/Android.mk ...
[818/1045] including test/vts-testcase/hal/neuralnetworks/V1_1/target_profiling/Android.mk ...
[819/1045] including test/vts-testcase/hal/nfc/V1_0/host/binderize/Android.mk ...
[820/1045] including test/vts-testcase/hal/nfc/V1_0/host/passthrough/Android.mk ...
[821/1045] including test/vts-testcase/hal/nfc/V1_0/host_profiling/Android.mk ...
[822/1045] including test/vts-testcase/hal/nfc/V1_0/target/Android.mk ...
[823/1045] including test/vts-testcase/hal/nfc/V1_0/target_profiling/Android.mk ...
[824/1045] including test/vts-testcase/hal/nfc/V1_0/target_replay/Android.mk ...
[825/1045] including test/vts-testcase/hal/nfc/V1_1/adapter/Android.mk ...
[826/1045] including test/vts-testcase/hal/nfc/V1_1/target/Android.mk ...
[827/1045] including test/vts-testcase/hal/nfc/V1_1/target_profiling/Android.mk ...
[828/1045] including test/vts-testcase/hal/oemlock/V1_0/target/Android.mk ...
[829/1045] including test/vts-testcase/hal/oemlock/V1_0/target_profiling/Android.mk ...
[830/1045] including test/vts-testcase/hal/power/V1_0/target/Android.mk ...
[831/1045] including test/vts-testcase/hal/power/V1_0/target_profiling/Android.mk ...
[832/1045] including test/vts-testcase/hal/power/V1_0/target_replay/Android.mk ...
[833/1045] including test/vts-testcase/hal/power/V1_1/adapter/Android.mk ...
[834/1045] including test/vts-testcase/hal/power/V1_1/target/Android.mk ...
[835/1045] including test/vts-testcase/hal/power/V1_1/target_profiling/Android.mk ...
[836/1045] including test/vts-testcase/hal/power/V1_2/adapter/Android.mk ...
[837/1045] including test/vts-testcase/hal/power/V1_2/target/Android.mk ...
[838/1045] including test/vts-testcase/hal/power/V1_3/target/Android.mk ...
[839/1045] including test/vts-testcase/hal/radio/V1_0/host/Android.mk ...
[840/1045] including test/vts-testcase/hal/radio/V1_0/target/radio/Android.mk ...
[841/1045] including test/vts-testcase/hal/radio/V1_0/target/sap/Android.mk ...
[842/1045] including test/vts-testcase/hal/radio/V1_0/target_profiling/radio/Android.mk ...
[843/1045] including test/vts-testcase/hal/radio/V1_0/target_profiling/sap/Android.mk ...
[844/1045] including test/vts-testcase/hal/radio/V1_1/adapter/Android.mk ...
[845/1045] including test/vts-testcase/hal/radio/V1_1/target/radio/Android.mk ...
[846/1045] including test/vts-testcase/hal/radio/V1_2/adapter/Android.mk ...
[847/1045] including test/vts-testcase/hal/radio/V1_2/target/radio/Android.mk ...
[848/1045] including test/vts-testcase/hal/renderscript/V1_0/target/Android.mk ...
[849/1045] including test/vts-testcase/hal/renderscript/V1_0/target_profiling/Android.mk ...
[850/1045] including test/vts-testcase/hal/secure_element/V1_0/target/Android.mk ...
[851/1045] including test/vts-testcase/hal/secure_element/V1_0/target_profiling/Android.mk ...
[852/1045] including test/vts-testcase/hal/sensors/V1_0/host/Android.mk ...
[853/1045] including test/vts-testcase/hal/sensors/V1_0/host_profiling/Android.mk ...
[854/1045] including test/vts-testcase/hal/sensors/V1_0/target/Android.mk ...
[855/1045] including test/vts-testcase/hal/sensors/V1_0/target_profiling/Android.mk ...
[856/1045] including test/vts-testcase/hal/soundtrigger/V2_0/target/Android.mk ...
[857/1045] including test/vts-testcase/hal/soundtrigger/V2_0/target_profiling/Android.mk ...
[858/1045] including test/vts-testcase/hal/soundtrigger/V2_1/adapter/Android.mk ...
[859/1045] including test/vts-testcase/hal/soundtrigger/V2_1/target/Android.mk ...
[860/1045] including test/vts-testcase/hal/soundtrigger/V2_1/target_profiling/Android.mk ...
[861/1045] including test/vts-testcase/hal/tetheroffload/config/V1_0/target/Android.mk ...
[862/1045] including test/vts-testcase/hal/tetheroffload/config/V1_0/target_profiling/Android.mk ...
[863/1045] including test/vts-testcase/hal/tetheroffload/control/V1_0/target/Android.mk ...
[864/1045] including test/vts-testcase/hal/tetheroffload/control/V1_0/target_profiling/Android.mk ...
[865/1045] including test/vts-testcase/hal/thermal/V1_0/target/Android.mk ...
[866/1045] including test/vts-testcase/hal/thermal/V1_0/target_profiling/Android.mk ...
[867/1045] including test/vts-testcase/hal/thermal/V1_0/target_replay/Android.mk ...
[868/1045] including test/vts-testcase/hal/thermal/V1_0/target_stress/Android.mk ...
[869/1045] including test/vts-testcase/hal/thermal/V1_1/adapter/Android.mk ...
[870/1045] including test/vts-testcase/hal/thermal/V1_1/target/Android.mk ...
[871/1045] including test/vts-testcase/hal/thermal/V1_1/target_profiling/Android.mk ...
[872/1045] including test/vts-testcase/hal/treble/framework_vintf/Android.mk ...
[873/1045] including test/vts-testcase/hal/treble/platform_version/Android.mk ...
[874/1045] including test/vts-testcase/hal/treble/vendor_vintf/Android.mk ...
[875/1045] including test/vts-testcase/hal/treble/vintf/Android.mk ...
[876/1045] including test/vts-testcase/hal/tv/cec/V1_0/host/Android.mk ...
[877/1045] including test/vts-testcase/hal/tv/cec/V1_0/host_profiling/Android.mk ...
[878/1045] including test/vts-testcase/hal/tv/input/V1_0/host/Android.mk ...
[879/1045] including test/vts-testcase/hal/tv/input/V1_0/host_profiling/Android.mk ...
[880/1045] including test/vts-testcase/hal/tv/input/V1_0/target/Android.mk ...
[881/1045] including test/vts-testcase/hal/tv/input/V1_0/target_profiling/Android.mk ...
[882/1045] including test/vts-testcase/hal/usb/V1_0/target/Android.mk ...
[883/1045] including test/vts-testcase/hal/usb/V1_0/target_profiling/Android.mk ...
[884/1045] including test/vts-testcase/hal/usb/V1_0/target_replay/Android.mk ...
[885/1045] including test/vts-testcase/hal/usb/V1_1/adapter/Android.mk ...
[886/1045] including test/vts-testcase/hal/usb/V1_1/target/Android.mk ...
[887/1045] including test/vts-testcase/hal/usb/gadget/V1_0/host/Android.mk ...
[888/1045] including test/vts-testcase/hal/vibrator/V1_0/host/Android.mk ...
[889/1045] including test/vts-testcase/hal/vibrator/V1_0/host_profiling/Android.mk ...
[890/1045] including test/vts-testcase/hal/vibrator/V1_0/target/Android.mk ...
[891/1045] including test/vts-testcase/hal/vibrator/V1_0/target_profiling/Android.mk ...
[892/1045] including test/vts-testcase/hal/vibrator/V1_0/target_replay/Android.mk ...
[893/1045] including test/vts-testcase/hal/vibrator/V1_1/adapter/Android.mk ...
[894/1045] including test/vts-testcase/hal/vibrator/V1_1/target/Android.mk ...
[895/1045] including test/vts-testcase/hal/vibrator/V1_2/adapter/Android.mk ...
[896/1045] including test/vts-testcase/hal/vibrator/V1_2/target/Android.mk ...
[897/1045] including test/vts-testcase/hal/vr/V1_0/host/Android.mk ...
[898/1045] including test/vts-testcase/hal/vr/V1_0/target/Android.mk ...
[899/1045] including test/vts-testcase/hal/vr/V1_0/target_profiling/Android.mk ...
[900/1045] including test/vts-testcase/hal/vr/V1_0/target_replay/Android.mk ...
[901/1045] including test/vts-testcase/hal/vts_specs/Android.mk ...
[902/1045] including test/vts-testcase/hal/weaver/V1_0/target/Android.mk ...
[903/1045] including test/vts-testcase/hal/weaver/V1_0/target_profiling/Android.mk ...
[904/1045] including test/vts-testcase/hal/wifi/V1_0/app/wifi_native_test/Android.mk ...
[905/1045] including test/vts-testcase/hal/wifi/V1_0/host/Android.mk ...
[906/1045] including test/vts-testcase/hal/wifi/V1_0/target/nan/Android.mk ...
[907/1045] including test/vts-testcase/hal/wifi/V1_0/target_profiling/base/Android.mk ...
[908/1045] including test/vts-testcase/hal/wifi/V1_0/target_profiling/nan/Android.mk ...
[909/1045] including test/vts-testcase/hal/wifi/V1_1/adapter/Android.mk ...
[910/1045] including test/vts-testcase/hal/wifi/V1_1/target/base/Android.mk ...
[911/1045] including test/vts-testcase/hal/wifi/V1_1/target_profiling/base/Android.mk ...
[912/1045] including test/vts-testcase/hal/wifi/V1_2/adapter/Android.mk ...
[913/1045] including test/vts-testcase/hal/wifi/V1_2/target/Android.mk ...
[914/1045] including test/vts-testcase/hal/wifi/V1_2/target_profiling/Android.mk ...
[915/1045] including test/vts-testcase/hal/wifi/offload/V1_0/target/Android.mk ...
[916/1045] including test/vts-testcase/hal/wifi/supplicant/V1_0/target/Android.mk ...
[917/1045] including test/vts-testcase/hal/wifi/supplicant/V1_0/target_profiling/Android.mk ...
[918/1045] including test/vts-testcase/hal/wifi/supplicant/V1_1/adapter/Android.mk ...
[919/1045] including test/vts-testcase/hal/wifi/supplicant/V1_1/target/Android.mk ...
[920/1045] including test/vts-testcase/hal/wifi/supplicant/V1_1/target_profiling/Android.mk ...
[921/1045] including test/vts-testcase/kernel/api/binder/Android.mk ...
[922/1045] including test/vts-testcase/kernel/api/bpf_native_test/Android.mk ...
[923/1045] including test/vts-testcase/kernel/api/early_mount/Android.mk ...
[924/1045] including test/vts-testcase/kernel/api/hwbinder/Android.mk ...
[925/1045] including test/vts-testcase/kernel/api/libcutils/Android.mk ...
[926/1045] including test/vts-testcase/kernel/api/net/Android.mk ...
[927/1045] including test/vts-testcase/kernel/api/netd/Android.mk ...
[928/1045] including test/vts-testcase/kernel/api/proc/Android.mk ...
[929/1045] including test/vts-testcase/kernel/api/qtaguid/Android.mk ...
[930/1045] including test/vts-testcase/kernel/api/rootdir/Android.mk ...
[931/1045] including test/vts-testcase/kernel/api/selinux/Android.mk ...
[932/1045] including test/vts-testcase/kernel/api/sysfs/Android.mk ...
[933/1045] including test/vts-testcase/kernel/api/system_as_root/Android.mk ...
[934/1045] including test/vts-testcase/kernel/api/tun/Android.mk ...
[935/1045] including test/vts-testcase/kernel/config/Android.mk ...
[936/1045] including test/vts-testcase/kernel/cpu_profiling/Android.mk ...
[937/1045] including test/vts-testcase/kernel/linux_kselftest/presubmit/Android.mk ...
[938/1045] including test/vts-testcase/kernel/linux_kselftest/stable/Android.mk ...
[939/1045] including test/vts-testcase/kernel/linux_kselftest/staging/Android.mk ...
[940/1045] including test/vts-testcase/kernel/ltp/stable/Android.mk ...
[941/1045] including test/vts-testcase/kernel/ltp/staging/Android.mk ...
[942/1045] including test/vts-testcase/kernel/memory/Android.mk ...
[943/1045] including test/vts-testcase/kernel/syscall/Android.mk ...
[944/1045] including test/vts-testcase/kernel/version/Android.mk ...
[945/1045] including test/vts-testcase/nbu/Android.mk ...
[946/1045] including test/vts-testcase/performance/audio_loopback_test/Android.mk ...
[947/1045] including test/vts-testcase/performance/binder_benchmark/binder_performance_systrace_test/Android.mk ...
[948/1045] including test/vts-testcase/performance/binder_benchmark/binder_performance_test/Android.mk ...
[949/1045] including test/vts-testcase/performance/binder_throughput_test/binder_throughput_benchmark/Android.mk ...
[950/1045] including test/vts-testcase/performance/binder_throughput_test/binder_throughput_benchmark_systrace/Android.mk ...
[951/1045] including test/vts-testcase/performance/fmq_benchmark/Android.mk ...
[952/1045] including test/vts-testcase/performance/hal_coverage_measurement/Android.mk ...
[953/1045] including test/vts-testcase/performance/hidl_trace_recorder/Android.mk ...
[954/1045] including test/vts-testcase/performance/hwbinder_benchmark/binderize/Android.mk ...
[955/1045] including test/vts-testcase/performance/hwbinder_benchmark/binderize_systrace/Android.mk ...
[956/1045] including test/vts-testcase/performance/hwbinder_benchmark/passthrough/Android.mk ...
[957/1045] including test/vts-testcase/performance/hwbinder_benchmark/passthrough_systrace/Android.mk ...
[958/1045] including test/vts-testcase/performance/hwbinder_latency_test/binderize/Android.mk ...
[959/1045] including test/vts-testcase/performance/hwbinder_latency_test/binderize_systrace/Android.mk ...
[960/1045] including test/vts-testcase/performance/hwbinder_latency_test/passthrough/Android.mk ...
[961/1045] including test/vts-testcase/performance/hwbinder_latency_test/passthrough_systrace/Android.mk ...
[962/1045] including test/vts-testcase/performance/hwbinder_throughput_test/binderize/Android.mk ...
[963/1045] including test/vts-testcase/performance/hwbinder_throughput_test/binderize_systrace/Android.mk ...
[964/1045] including test/vts-testcase/performance/hwbinder_throughput_test/passthrough/Android.mk ...
[965/1045] including test/vts-testcase/performance/hwbinder_throughput_test/passthrough_systrace/Android.mk ...
[966/1045] including test/vts-testcase/security/Android.mk ...
[967/1045] including test/vts-testcase/vndk/abi/Android.mk ...
[968/1045] including test/vts-testcase/vndk/dependency/Android.mk ...
[969/1045] including test/vts-testcase/vndk/files/Android.mk ...
[970/1045] including test/vts-testcase/vndk/hidl/bufferpool/V1_0/target/Android.mk ...
[971/1045] including test/vts-testcase/vndk/open_libraries/Android.mk ...
[972/1045] including test/vts/agents/apps/vts_agent_app/Android.mk ...
[973/1045] including test/vts/agents/hal/Android.mk ...
[974/1045] including test/vts/compilation_tools/vtsc/test/Android.mk ...
[975/1045] including test/vts/drivers/shell/Android.mk ...
[976/1045] including test/vts/hals/light/bullhead/Android.mk ...
[977/1045] including test/vts/harnesses/tradefed/tests/Android.mk ...
[978/1045] including test/vts/proto/Android.mk ...
[979/1045] including test/vts/runners/target/gtest/Android.mk ...
[980/1045] including test/vts/specification/Android.mk ...
[981/1045] including test/vts/testcases/codelab/hello_world/Android.mk ...
[982/1045] including test/vts/testcases/codelab/hello_world_multi/Android.mk ...
[983/1045] including test/vts/testcases/codelab/hello_world_sl4a/Android.mk ...
[984/1045] including test/vts/testcases/codelab/hello_world_staging/Android.mk ...
[985/1045] including test/vts/testcases/codelab/host_multi_hal/Android.mk ...
[986/1045] including test/vts/testcases/codelab/target_binary/Android.mk ...
[987/1045] including test/vts/testcases/host/camera_its/Android.mk ...
[988/1045] including test/vts/testcases/host/reboot/RebootRootRemountTest/Android.mk ...
[989/1045] including test/vts/testcases/host/reboot/RebootTest/Android.mk ...
[990/1045] including test/vts/testcases/host/shell/Android.mk ...
[991/1045] including test/vts/testcases/host/shell_binary_crash_test/Android.mk ...
[992/1045] including test/vts/testcases/host/verify_boot_header/Android.mk ...
[993/1045] including test/vts/testcases/host/verify_dtbo/Android.mk ...
[994/1045] including test/vts/testcases/library/bionic_unit_tests/Android.mk ...
[995/1045] including test/vts/testcases/library/bionic_unit_tests_static/Android.mk ...
[996/1045] including test/vts/testcases/system/device_health/Android.mk ...
[997/1045] including test/vts/testcases/system/libc/Android.mk ...
[998/1045] including test/vts/testcases/target/hal_lights/Android.mk ...
[999/1045] including test/vts/testcases/target/hal_power/Android.mk ...
[1000/1045] including test/vts/testcases/vts_selftest/manual_tests/flaky_hidl_test/Android.mk ...
[1001/1045] including test/vts/testcases/vts_selftest/manual_tests/flaky_test/Android.mk ...
[1002/1045] including test/vts/testcases/vts_selftest/manual_tests/shell_performance/Android.mk ...
[1003/1045] including test/vts/testcases/vts_selftest/manual_tests/zero_testcase_binary_test/Android.mk ...
[1004/1045] including test/vts/testcases/vts_selftest/test_framework/base_test/Android.mk ...
[1005/1045] including test/vts/testcases/vts_selftest/test_framework/python_virtualenv_preparer_test/part1/Android.mk ...
[1006/1045] including test/vts/testcases/vts_selftest/test_framework/python_virtualenv_preparer_test/part2/Android.mk ...
[1007/1045] including test/vts/tools/vts-tradefed/Android.mk ...
[1008/1045] including test/vts/utils/python/archive/Android.mk ...
[1009/1045] including test/vts/utils/python/coverage/Android.mk ...
[1010/1045] including tools/acloud/Android.mk ...
[1011/1045] including tools/appbundle/bundletool/Android.mk ...
[1012/1045] including tools/external/fat32lib/Android.mk ...
[1013/1045] including tools/loganalysis/Android.mk ...
[1014/1045] including tools/metalava/Android.mk ...
[1015/1045] including tools/test/connectivity/Android.mk ...
[1016/1045] including tools/tradefederation/contrib/Android.mk ...
[1017/1045] including tools/tradefederation/core/Android.mk ...
[1018/1045] including vendor/addons/packages/overlays/Common/HideCutout/Android.mk ...
[1019/1045] including vendor/addons/packages/overlays/Common/StatusBarStock/Android.mk ...
[1020/1045] including vendor/addons/prebuilt/bootanimation/Android.mk ...
[1021/1045] including vendor/addons/prebuilt/system/etc/sysconfig/Android.mk ...
[1022/1045] including vendor/addons/prebuilt/system/priv-app/Android.mk ...
[1023/1045] including vendor/addons/themes/Android.mk ...
[1024/1045] including vendor/codeaurora/telephony/ims/Android.mk ...
[1025/1045] including vendor/google/blueline/Android.mk ...
[1026/1045] including vendor/google/bonito/Android.mk ...
[1027/1045] including vendor/google/crosshatch/Android.mk ...
[1028/1045] including vendor/google/marlin/Android.mk ...
[1029/1045] including vendor/google/sailfish/proprietary/app/Android.mk ...
[1030/1045] including vendor/google/sailfish/proprietary/framework/Android.mk ...
[1031/1045] including vendor/google/sailfish/proprietary/lib/Android.mk ...
[1032/1045] including vendor/google/sailfish/proprietary/lib64/Android.mk ...
[1033/1045] including vendor/google/sailfish/proprietary/priv-app/Android.mk ...
[1034/1045] including vendor/google/sargo/Android.mk ...
[1035/1045] including vendor/google/taimen/Android.mk ...
[1036/1045] including vendor/google/walleye/Android.mk ...
[1037/1045] including vendor/lineage/charger/Android.mk ...
[1038/1045] including vendor/lineage/prebuilt/common/Android.mk ...
[1039/1045] including vendor/nxp/opensource/commonsys/external/libnfc-nci/p61-jcop-kit/Android.mk ...
[1040/1045] including vendor/nxp/opensource/commonsys/frameworks/Android.mk ...
[1041/1045] including vendor/nxp/opensource/commonsys/packages/apps/Nfc/Android.mk ...
[1042/1045] including vendor/nxp/opensource/hidlimpl/1.0/default/Android.mk ...
[1043/1045] including vendor/qcom/opensource/audio/Android.mk ...
[1044/1045] including vendor/qcom/opensource/data-ipa-cfg-mgr/Android.mk ...
[1045/1045] including vendor/qcom/opensource/dataservices/Android.mk ...
build/make/core/Makefile:28: warning: overriding commands for target `/root/floko/out/target/product/blueline/system/bin/bufferhubd'
build/make/core/base_rules.mk:412: warning: ignoring old commands for target `/root/floko/out/target/product/blueline/system/bin/bufferhubd'
build/make/core/Makefile:28: warning: overriding commands for target `/root/floko/out/target/product/blueline/system/bin/performanced'
build/make/core/base_rules.mk:412: warning: ignoring old commands for target `/root/floko/out/target/product/blueline/system/bin/performanced'
build/make/core/Makefile:28: warning: overriding commands for target `/root/floko/out/target/product/blueline/system/bin/virtual_touchpad'
build/make/core/base_rules.mk:412: warning: ignoring old commands for target `/root/floko/out/target/product/blueline/system/bin/virtual_touchpad'
build/make/core/Makefile:28: warning: overriding commands for target `/root/floko/out/target/product/blueline/system/bin/vr_hwc'
build/make/core/base_rules.mk:412: warning: ignoring old commands for target `/root/floko/out/target/product/blueline/system/bin/vr_hwc'
build/make/core/Makefile:28: warning: overriding commands for target `/root/floko/out/target/product/blueline/system/etc/init/bufferhubd.rc'
build/make/core/base_rules.mk:426: warning: ignoring old commands for target `/root/floko/out/target/product/blueline/system/etc/init/bufferhubd.rc'
build/make/core/Makefile:28: warning: overriding commands for target `/root/floko/out/target/product/blueline/system/etc/init/performanced.rc'
build/make/core/base_rules.mk:426: warning: ignoring old commands for target `/root/floko/out/target/product/blueline/system/etc/init/performanced.rc'
build/make/core/Makefile:28: warning: overriding commands for target `/root/floko/out/target/product/blueline/system/etc/init/virtual_touchpad.rc'
build/make/core/base_rules.mk:426: warning: ignoring old commands for target `/root/floko/out/target/product/blueline/system/etc/init/virtual_touchpad.rc'
build/make/core/Makefile:28: warning: overriding commands for target `/root/floko/out/target/product/blueline/system/etc/init/vr_hwc.rc'
build/make/core/base_rules.mk:426: warning: ignoring old commands for target `/root/floko/out/target/product/blueline/system/etc/init/vr_hwc.rc'
build/make/core/Makefile:28: warning: overriding commands for target `/root/floko/out/target/product/blueline/system/lib/vndk-28/libprotobuf-cpp-full.so'
build/make/core/base_rules.mk:412: warning: ignoring old commands for target `/root/floko/out/target/product/blueline/system/lib/vndk-28/libprotobuf-cpp-full.so'
build/make/core/Makefile:28: warning: overriding commands for target `/root/floko/out/target/product/blueline/system/lib/android.hardware.radio.config@1.0.so'
build/make/core/base_rules.mk:412: warning: ignoring old commands for target `/root/floko/out/target/product/blueline/system/lib/android.hardware.radio.config@1.0.so'
build/make/core/Makefile:28: warning: overriding commands for target `/root/floko/out/target/product/blueline/system/lib/android.hardware.radio.deprecated@1.0.so'
build/make/core/base_rules.mk:412: warning: ignoring old commands for target `/root/floko/out/target/product/blueline/system/lib/android.hardware.radio.deprecated@1.0.so'
build/make/core/Makefile:28: warning: overriding commands for target `/root/floko/out/target/product/blueline/system/lib/android.hardware.radio@1.0.so'
build/make/core/base_rules.mk:412: warning: ignoring old commands for target `/root/floko/out/target/product/blueline/system/lib/android.hardware.radio@1.0.so'
build/make/core/Makefile:28: warning: overriding commands for target `/root/floko/out/target/product/blueline/system/lib/android.hardware.radio@1.1.so'
build/make/core/base_rules.mk:412: warning: ignoring old commands for target `/root/floko/out/target/product/blueline/system/lib/android.hardware.radio@1.1.so'
build/make/core/Makefile:28: warning: overriding commands for target `/root/floko/out/target/product/blueline/system/lib/android.hardware.radio@1.2.so'
build/make/core/base_rules.mk:412: warning: ignoring old commands for target `/root/floko/out/target/product/blueline/system/lib/android.hardware.radio@1.2.so'
build/make/core/Makefile:28: warning: overriding commands for target `/root/floko/out/target/product/blueline/system/lib/android.hardware.secure_element@1.0.so'
build/make/core/base_rules.mk:412: warning: ignoring old commands for target `/root/floko/out/target/product/blueline/system/lib/android.hardware.secure_element@1.0.so'
build/make/core/Makefile:28: warning: overriding commands for target `/root/floko/out/target/product/blueline/system/lib/liblogwrap.so'
build/make/core/base_rules.mk:412: warning: ignoring old commands for target `/root/floko/out/target/product/blueline/system/lib/liblogwrap.so'
build/make/core/Makefile:28: warning: overriding commands for target `/root/floko/out/target/product/blueline/system/lib/libminui.so'
build/make/core/base_rules.mk:412: warning: ignoring old commands for target `/root/floko/out/target/product/blueline/system/lib/libminui.so'
build/make/core/Makefile:28: warning: overriding commands for target `/root/floko/out/target/product/blueline/system/lib/libprotobuf-cpp-full.so'
build/make/core/base_rules.mk:412: warning: ignoring old commands for target `/root/floko/out/target/product/blueline/system/lib/libprotobuf-cpp-full.so'
build/make/core/Makefile:28: warning: overriding commands for target `/root/floko/out/target/product/blueline/system/lib/libprotobuf-cpp-full-rtti.so'
build/make/core/base_rules.mk:412: warning: ignoring old commands for target `/root/floko/out/target/product/blueline/system/lib/libprotobuf-cpp-full-rtti.so'
build/make/core/Makefile:28: warning: overriding commands for target `/root/floko/out/target/product/blueline/system/lib/vendor.display.config@1.0.so'
build/make/core/base_rules.mk:412: warning: ignoring old commands for target `/root/floko/out/target/product/blueline/system/lib/vendor.display.config@1.0.so'
build/make/core/Makefile:28: warning: overriding commands for target `/root/floko/out/target/product/blueline/system/lib64/vndk-28/libprotobuf-cpp-full.so'
build/make/core/base_rules.mk:412: warning: ignoring old commands for target `/root/floko/out/target/product/blueline/system/lib64/vndk-28/libprotobuf-cpp-full.so'
build/make/core/Makefile:28: warning: overriding commands for target `/root/floko/out/target/product/blueline/system/lib64/android.hardware.radio.config@1.0.so'
build/make/core/base_rules.mk:412: warning: ignoring old commands for target `/root/floko/out/target/product/blueline/system/lib64/android.hardware.radio.config@1.0.so'
build/make/core/Makefile:28: warning: overriding commands for target `/root/floko/out/target/product/blueline/system/lib64/android.hardware.radio.deprecated@1.0.so'
build/make/core/base_rules.mk:412: warning: ignoring old commands for target `/root/floko/out/target/product/blueline/system/lib64/android.hardware.radio.deprecated@1.0.so'
build/make/core/Makefile:28: warning: overriding commands for target `/root/floko/out/target/product/blueline/system/lib64/android.hardware.radio@1.0.so'
build/make/core/base_rules.mk:412: warning: ignoring old commands for target `/root/floko/out/target/product/blueline/system/lib64/android.hardware.radio@1.0.so'
build/make/core/Makefile:28: warning: overriding commands for target `/root/floko/out/target/product/blueline/system/lib64/android.hardware.radio@1.1.so'
build/make/core/base_rules.mk:412: warning: ignoring old commands for target `/root/floko/out/target/product/blueline/system/lib64/android.hardware.radio@1.1.so'
build/make/core/Makefile:28: warning: overriding commands for target `/root/floko/out/target/product/blueline/system/lib64/android.hardware.radio@1.2.so'
build/make/core/base_rules.mk:412: warning: ignoring old commands for target `/root/floko/out/target/product/blueline/system/lib64/android.hardware.radio@1.2.so'
build/make/core/Makefile:28: warning: overriding commands for target `/root/floko/out/target/product/blueline/system/lib64/android.hardware.secure_element@1.0.so'
build/make/core/base_rules.mk:412: warning: ignoring old commands for target `/root/floko/out/target/product/blueline/system/lib64/android.hardware.secure_element@1.0.so'
build/make/core/Makefile:28: warning: overriding commands for target `/root/floko/out/target/product/blueline/system/lib64/libminui.so'
build/make/core/base_rules.mk:412: warning: ignoring old commands for target `/root/floko/out/target/product/blueline/system/lib64/libminui.so'
build/make/core/Makefile:28: warning: overriding commands for target `/root/floko/out/target/product/blueline/system/lib64/libprotobuf-cpp-full.so'
build/make/core/base_rules.mk:412: warning: ignoring old commands for target `/root/floko/out/target/product/blueline/system/lib64/libprotobuf-cpp-full.so'
build/make/core/Makefile:28: warning: overriding commands for target `/root/floko/out/target/product/blueline/system/lib64/libprotobuf-cpp-full-rtti.so'
build/make/core/base_rules.mk:412: warning: ignoring old commands for target `/root/floko/out/target/product/blueline/system/lib64/libprotobuf-cpp-full-rtti.so'
build/make/core/Makefile:28: warning: overriding commands for target `/root/floko/out/target/product/blueline/system/lib64/vendor.display.config@1.0.so'
build/make/core/base_rules.mk:412: warning: ignoring old commands for target `/root/floko/out/target/product/blueline/system/lib64/vendor.display.config@1.0.so'
[  6% 1/15] glob device/google/crosshatch/overlay-lineage/lineage-sdk/lineage/res/res
[ 13% 2/15] glob device/google/crosshatch/overlay/frameworks/base/core/res/res
[ 20% 3/15] glob device/google/crosshatch/overlay/**/*
[ 26% 4/15] glob frameworks/base/services/java/**/*.java
[ 33% 5/15] glob .
[ 40% 6/15] glob device/google/crosshatch/blueline/overlay/**/*
[ 46% 7/15] glob device/google/crosshatch/bluetooth
[ 53% 8/15] glob device/google/crosshatch/overlay-lineage/**/*
[ 60% 9/15] glob external
[ 66% 10/15] glob device/google/crosshatch/blueline/overlay-lineage/lineage-sdk/lineage/res/res
[ 73% 11/15] glob device/google/crosshatch/blueline/overlay-lineage/**/*
[ 80% 12/15] glob device/google/crosshatch/blueline/overlay/frameworks/base/core/res/res
[ 86% 13/15] glob frameworks/base/core/java/**/*.java
[ 93% 14/15] glob frameworks/base/core/res/res/**/*
ninja: error: 'kernel/google/crosshatch/arch/arm64/configs/lineageos_crosshatch_defconfig', needed by '/root/floko/out/target/product/blueline/obj/KERNEL_OBJ/.config', missing and no known rule to make it
10:34:06 ninja failed with: exit status 1

#### failed to build some targets (01:52 (mm:ss)) ####

